# JRE version: Java(TM) SE Runtime Environment (21.0.7+8) (build 21.0.7+8-LTS-245)
# Java VM: Java HotSpot(TM) 64-Bit Server VM (21.0.7+8-LTS-245, mixed mode, sharing, tiered, compressed oops, compressed class ptrs, g1 gc, windows-amd64)
GC Precious Log:
 CardTable entry size: 512
 Card Set container configuration: InlinePtr #cards 5 size 8 Array Of Cards #cards 12 size 40 Howl #buckets 4 coarsen threshold 1843 Howl Bitmap #cards 512 size 80 coarsen threshold 460 Card regions per heap region 1 cards per card region 2048
 CPUs: 8 total, 8 available
 Memory: 8035M
 Large Page Support: Disabled
 NUMA Support: Disabled
 Compressed Oops: Enabled (32-bit)
 Heap Region Size: 1M
 Heap Min Capacity: 8M
 Heap Initial Capacity: 126M
 Heap Max Capacity: 2010M
 Pre-touch: Disabled
 Parallel Workers: 8
 Concurrent Workers: 2
 Concurrent Refinement Workers: 8
 Periodic GC: Disabled
Heap:
 garbage-first heap   total 82944K, used 44761K [0x0000000082600000, 0x0000000100000000)
  region size 1024K, 5 young (5120K), 1 survivors (1024K)
 Metaspace       used 68218K, committed 69568K, reserved 1114112K
  class space    used 8376K, committed 8896K, reserved 1048576K
GC Heap History (20 events):
Event: 7.820 GC heap before
{Heap before GC invocations=10 (full 0):
 garbage-first heap   total 68608K, used 57113K [0x0000000082600000, 0x0000000100000000)
  region size 1024K, 33 young (33792K), 2 survivors (2048K)
 Metaspace       used 45394K, committed 46016K, reserved 1114112K
  class space    used 5698K, committed 5952K, reserved 1048576K
}
Event: 7.832 GC heap after
{Heap after GC invocations=11 (full 0):
 garbage-first heap   total 82944K, used 29483K [0x0000000082600000, 0x0000000100000000)
  region size 1024K, 5 young (5120K), 5 survivors (5120K)
 Metaspace       used 45394K, committed 46016K, reserved 1114112K
  class space    used 5698K, committed 5952K, reserved 1048576K
}
Event: 9.241 GC heap before
{Heap before GC invocations=11 (full 0):
 garbage-first heap   total 82944K, used 70443K [0x0000000082600000, 0x0000000100000000)
  region size 1024K, 45 young (46080K), 5 survivors (5120K)
 Metaspace       used 51648K, committed 52288K, reserved 1114112K
  class space    used 6681K, committed 6976K, reserved 1048576K
}
Event: 9.249 GC heap after
{Heap after GC invocations=12 (full 0):
 garbage-first heap   total 82944K, used 35840K [0x0000000082600000, 0x0000000100000000)
  region size 1024K, 6 young (6144K), 6 survivors (6144K)
 Metaspace       used 51648K, committed 52288K, reserved 1114112K
  class space    used 6681K, committed 6976K, reserved 1048576K
}
Event: 10.400 GC heap before
{Heap before GC invocations=12 (full 0):
 garbage-first heap   total 82944K, used 69632K [0x0000000082600000, 0x0000000100000000)
  region size 1024K, 40 young (40960K), 6 survivors (6144K)
 Metaspace       used 57558K, committed 58432K, reserved 1114112K
  class space    used 7458K, committed 7872K, reserved 1048576K
}
Event: 10.407 GC heap after
{Heap after GC invocations=13 (full 0):
 garbage-first heap   total 82944K, used 40960K [0x0000000082600000, 0x0000000100000000)
  region size 1024K, 5 young (5120K), 5 survivors (5120K)
 Metaspace       used 57558K, committed 58432K, reserved 1114112K
  class space    used 7458K, committed 7872K, reserved 1048576K
}
Event: 10.685 GC heap before
{Heap before GC invocations=13 (full 0):
 garbage-first heap   total 82944K, used 47104K [0x0000000082600000, 0x0000000100000000)
  region size 1024K, 12 young (12288K), 5 survivors (5120K)
 Metaspace       used 59671K, committed 60480K, reserved 1114112K
  class space    used 7722K, committed 8128K, reserved 1048576K
}
Event: 10.690 GC heap after
{Heap after GC invocations=14 (full 0):
 garbage-first heap   total 82944K, used 41909K [0x0000000082600000, 0x0000000100000000)
  region size 1024K, 2 young (2048K), 2 survivors (2048K)
 Metaspace       used 59671K, committed 60480K, reserved 1114112K
  class space    used 7722K, committed 8128K, reserved 1048576K
}
Event: 121.007 GC heap before
{Heap before GC invocations=15 (full 0):
 garbage-first heap   total 82944K, used 70581K [0x0000000082600000, 0x0000000100000000)
  region size 1024K, 31 young (31744K), 2 survivors (2048K)
 Metaspace       used 65665K, committed 66560K, reserved 1114112K
  class space    used 8491K, committed 8896K, reserved 1048576K
}
Event: 121.011 GC heap after
{Heap after GC invocations=16 (full 0):
 garbage-first heap   total 82944K, used 44308K [0x0000000082600000, 0x0000000100000000)
  region size 1024K, 4 young (4096K), 4 survivors (4096K)
 Metaspace       used 65665K, committed 66560K, reserved 1114112K
  class space    used 8491K, committed 8896K, reserved 1048576K
}
Event: 895.131 GC heap before
{Heap before GC invocations=16 (full 0):
 garbage-first heap   total 82944K, used 72980K [0x0000000082600000, 0x0000000100000000)
  region size 1024K, 32 young (32768K), 4 survivors (4096K)
 Metaspace       used 66855K, committed 67712K, reserved 1114112K
  class space    used 8493K, committed 8896K, reserved 1048576K
}
Event: 895.277 GC heap after
{Heap after GC invocations=17 (full 0):
 garbage-first heap   total 82944K, used 43581K [0x0000000082600000, 0x0000000100000000)
  region size 1024K, 1 young (1024K), 1 survivors (1024K)
 Metaspace       used 66855K, committed 67712K, reserved 1114112K
  class space    used 8493K, committed 8896K, reserved 1048576K
}
Event: 1736.502 GC heap before
{Heap before GC invocations=17 (full 0):
 garbage-first heap   total 82944K, used 73277K [0x0000000082600000, 0x0000000100000000)
  region size 1024K, 31 young (31744K), 1 survivors (1024K)
 Metaspace       used 67871K, committed 68736K, reserved 1114112K
  class space    used 8506K, committed 8896K, reserved 1048576K
}
Event: 1736.606 GC heap after
{Heap after GC invocations=18 (full 0):
 garbage-first heap   total 82944K, used 43450K [0x0000000082600000, 0x0000000100000000)
  region size 1024K, 1 young (1024K), 1 survivors (1024K)
 Metaspace       used 67871K, committed 68736K, reserved 1114112K
  class space    used 8506K, committed 8896K, reserved 1048576K
}
Event: 2644.019 GC heap before
{Heap before GC invocations=19 (full 0):
 garbage-first heap   total 82944K, used 75194K [0x0000000082600000, 0x0000000100000000)
  region size 1024K, 32 young (32768K), 1 survivors (1024K)
 Metaspace       used 68238K, committed 69120K, reserved 1114112K
  class space    used 8511K, committed 8896K, reserved 1048576K
}
Event: 2644.062 GC heap after
{Heap after GC invocations=20 (full 0):
 garbage-first heap   total 82944K, used 43569K [0x0000000082600000, 0x0000000100000000)
  region size 1024K, 1 young (1024K), 1 survivors (1024K)
 Metaspace       used 68238K, committed 69120K, reserved 1114112K
  class space    used 8511K, committed 8896K, reserved 1048576K
}
Event: 3635.174 GC heap before
{Heap before GC invocations=20 (full 0):
 garbage-first heap   total 82944K, used 75313K [0x0000000082600000, 0x0000000100000000)
  region size 1024K, 33 young (33792K), 1 survivors (1024K)
 Metaspace       used 68392K, committed 69312K, reserved 1114112K
  class space    used 8511K, committed 8896K, reserved 1048576K
}
Event: 3635.258 GC heap after
{Heap after GC invocations=21 (full 0):
 garbage-first heap   total 82944K, used 42707K [0x0000000082600000, 0x0000000100000000)
  region size 1024K, 1 young (1024K), 1 survivors (1024K)
 Metaspace       used 68392K, committed 69312K, reserved 1114112K
  class space    used 8511K, committed 8896K, reserved 1048576K
}
Event: 4626.622 GC heap before
{Heap before GC invocations=21 (full 0):
 garbage-first heap   total 82944K, used 75475K [0x0000000082600000, 0x0000000100000000)
  region size 1024K, 34 young (34816K), 1 survivors (1024K)
 Metaspace       used 68712K, committed 69568K, reserved 1114112K
  class space    used 8511K, committed 8896K, reserved 1048576K
}
Event: 4626.740 GC heap after
{Heap after GC invocations=22 (full 0):
 garbage-first heap   total 82944K, used 42713K [0x0000000082600000, 0x0000000100000000)
  region size 1024K, 1 young (1024K), 1 survivors (1024K)
 Metaspace       used 68712K, committed 69568K, reserved 1114112K
  class space    used 8511K, committed 8896K, reserved 1048576K
}

