# JRE version: Java(TM) SE Runtime Environment (21.0.7+8) (build 21.0.7+8-LTS-245)
# Java VM: Java HotSpot(TM) 64-Bit Server VM (21.0.7+8-LTS-245, mixed mode, sharing, tiered, compressed oops, compressed class ptrs, g1 gc, windows-amd64)
GC Precious Log:
 CardTable entry size: 512
 Card Set container configuration: InlinePtr #cards 5 size 8 Array Of Cards #cards 12 size 40 Howl #buckets 4 coarsen threshold 1843 Howl Bitmap #cards 512 size 80 coarsen threshold 460 Card regions per heap region 1 cards per card region 2048
 CPUs: 8 total, 8 available
 Memory: 8035M
 Large Page Support: Disabled
 NUMA Support: Disabled
 Compressed Oops: Enabled (32-bit)
 Heap Region Size: 1M
 Heap Min Capacity: 8M
 Heap Initial Capacity: 126M
 Heap Max Capacity: 2010M
 Pre-touch: Disabled
 Parallel Workers: 8
 Concurrent Workers: 2
 Concurrent Refinement Workers: 8
 Periodic GC: Disabled
Heap:
 garbage-first heap   total 79872K, used 45825K [0x0000000082600000, 0x0000000100000000)
  region size 1024K, 7 young (7168K), 4 survivors (4096K)
 Metaspace       used 66018K, committed 66880K, reserved 1114112K
  class space    used 8501K, committed 8896K, reserved 1048576K
GC Heap History (20 events):
Event: 4.967 GC heap before
{Heap before GC invocations=3 (full 0):
 garbage-first heap   total 129024K, used 25784K [0x0000000082600000, 0x0000000100000000)
  region size 1024K, 12 young (12288K), 4 survivors (4096K)
 Metaspace       used 21142K, committed 21504K, reserved 1114112K
  class space    used 2562K, committed 2752K, reserved 1048576K
}
Event: 4.973 GC heap after
{Heap after GC invocations=4 (full 0):
 garbage-first heap   total 129024K, used 19200K [0x0000000082600000, 0x0000000100000000)
  region size 1024K, 4 young (4096K), 4 survivors (4096K)
 Metaspace       used 21142K, committed 21504K, reserved 1114112K
  class space    used 2562K, committed 2752K, reserved 1048576K
}
Event: 5.786 GC heap before
{Heap before GC invocations=5 (full 0):
 garbage-first heap   total 65536K, used 50944K [0x0000000082600000, 0x0000000100000000)
  region size 1024K, 38 young (38912K), 4 survivors (4096K)
 Metaspace       used 26869K, committed 27328K, reserved 1114112K
  class space    used 3171K, committed 3392K, reserved 1048576K
}
Event: 5.795 GC heap after
{Heap after GC invocations=6 (full 0):
 garbage-first heap   total 65536K, used 19072K [0x0000000082600000, 0x0000000100000000)
  region size 1024K, 3 young (3072K), 3 survivors (3072K)
 Metaspace       used 26869K, committed 27328K, reserved 1114112K
  class space    used 3171K, committed 3392K, reserved 1048576K
}
Event: 7.112 GC heap before
{Heap before GC invocations=6 (full 0):
 garbage-first heap   total 65536K, used 50816K [0x0000000082600000, 0x0000000100000000)
  region size 1024K, 35 young (35840K), 3 survivors (3072K)
 Metaspace       used 30153K, committed 30656K, reserved 1114112K
  class space    used 3617K, committed 3840K, reserved 1048576K
}
Event: 7.126 GC heap after
{Heap after GC invocations=7 (full 0):
 garbage-first heap   total 65536K, used 21358K [0x0000000082600000, 0x0000000100000000)
  region size 1024K, 5 young (5120K), 5 survivors (5120K)
 Metaspace       used 30153K, committed 30656K, reserved 1114112K
  class space    used 3617K, committed 3840K, reserved 1048576K
}
Event: 9.003 GC heap before
{Heap before GC invocations=7 (full 0):
 garbage-first heap   total 65536K, used 51054K [0x0000000082600000, 0x0000000100000000)
  region size 1024K, 35 young (35840K), 5 survivors (5120K)
 Metaspace       used 35904K, committed 36416K, reserved 1114112K
  class space    used 4386K, committed 4608K, reserved 1048576K
}
Event: 9.035 GC heap after
{Heap after GC invocations=8 (full 0):
 garbage-first heap   total 65536K, used 24549K [0x0000000082600000, 0x0000000100000000)
  region size 1024K, 4 young (4096K), 4 survivors (4096K)
 Metaspace       used 35904K, committed 36416K, reserved 1114112K
  class space    used 4386K, committed 4608K, reserved 1048576K
}
Event: 10.404 GC heap before
{Heap before GC invocations=9 (full 0):
 garbage-first heap   total 65536K, used 54245K [0x0000000082600000, 0x0000000100000000)
  region size 1024K, 33 young (33792K), 4 survivors (4096K)
 Metaspace       used 39131K, committed 39808K, reserved 1114112K
  class space    used 4800K, committed 5120K, reserved 1048576K
}
Event: 10.425 GC heap after
{Heap after GC invocations=10 (full 0):
 garbage-first heap   total 65536K, used 26224K [0x0000000082600000, 0x0000000100000000)
  region size 1024K, 2 young (2048K), 2 survivors (2048K)
 Metaspace       used 39131K, committed 39808K, reserved 1114112K
  class space    used 4800K, committed 5120K, reserved 1048576K
}
Event: 12.259 GC heap before
{Heap before GC invocations=10 (full 0):
 garbage-first heap   total 65536K, used 55920K [0x0000000082600000, 0x0000000100000000)
  region size 1024K, 31 young (31744K), 2 survivors (2048K)
 Metaspace       used 45267K, committed 45888K, reserved 1114112K
  class space    used 5681K, committed 5952K, reserved 1048576K
}
Event: 12.287 GC heap after
{Heap after GC invocations=11 (full 0):
 garbage-first heap   total 78848K, used 28258K [0x0000000082600000, 0x0000000100000000)
  region size 1024K, 4 young (4096K), 4 survivors (4096K)
 Metaspace       used 45267K, committed 45888K, reserved 1114112K
  class space    used 5681K, committed 5952K, reserved 1048576K
}
Event: 14.481 GC heap before
{Heap before GC invocations=11 (full 0):
 garbage-first heap   total 78848K, used 68194K [0x0000000082600000, 0x0000000100000000)
  region size 1024K, 43 young (44032K), 4 survivors (4096K)
 Metaspace       used 51229K, committed 51904K, reserved 1114112K
  class space    used 6618K, committed 6912K, reserved 1048576K
}
Event: 14.495 GC heap after
{Heap after GC invocations=12 (full 0):
 garbage-first heap   total 78848K, used 34805K [0x0000000082600000, 0x0000000100000000)
  region size 1024K, 6 young (6144K), 6 survivors (6144K)
 Metaspace       used 51229K, committed 51904K, reserved 1114112K
  class space    used 6618K, committed 6912K, reserved 1048576K
}
Event: 16.666 GC heap before
{Heap before GC invocations=12 (full 0):
 garbage-first heap   total 78848K, used 66549K [0x0000000082600000, 0x0000000100000000)
  region size 1024K, 38 young (38912K), 6 survivors (6144K)
 Metaspace       used 57314K, committed 58048K, reserved 1114112K
  class space    used 7420K, committed 7744K, reserved 1048576K
}
Event: 16.684 GC heap after
{Heap after GC invocations=13 (full 0):
 garbage-first heap   total 79872K, used 40283K [0x0000000082600000, 0x0000000100000000)
  region size 1024K, 5 young (5120K), 5 survivors (5120K)
 Metaspace       used 57314K, committed 58048K, reserved 1114112K
  class space    used 7420K, committed 7744K, reserved 1048576K
}
Event: 47.362 GC heap before
{Heap before GC invocations=13 (full 0):
 garbage-first heap   total 79872K, used 53595K [0x0000000082600000, 0x0000000100000000)
  region size 1024K, 20 young (20480K), 5 survivors (5120K)
 Metaspace       used 60319K, committed 61056K, reserved 1114112K
  class space    used 7784K, committed 8128K, reserved 1048576K
}
Event: 47.371 GC heap after
{Heap after GC invocations=14 (full 0):
 garbage-first heap   total 79872K, used 41913K [0x0000000082600000, 0x0000000100000000)
  region size 1024K, 2 young (2048K), 2 survivors (2048K)
 Metaspace       used 60319K, committed 61056K, reserved 1114112K
  class space    used 7784K, committed 8128K, reserved 1048576K
}
Event: 220.784 GC heap before
{Heap before GC invocations=15 (full 0):
 garbage-first heap   total 79872K, used 68537K [0x0000000082600000, 0x0000000100000000)
  region size 1024K, 29 young (29696K), 2 survivors (2048K)
 Metaspace       used 65952K, committed 66816K, reserved 1114112K
  class space    used 8500K, committed 8896K, reserved 1048576K
}
Event: 220.849 GC heap after
{Heap after GC invocations=16 (full 0):
 garbage-first heap   total 79872K, used 43777K [0x0000000082600000, 0x0000000100000000)
  region size 1024K, 4 young (4096K), 4 survivors (4096K)
 Metaspace       used 65952K, committed 66816K, reserved 1114112K
  class space    used 8500K, committed 8896K, reserved 1048576K
}

