# JRE version: Java(TM) SE Runtime Environment (21.0.7+8) (build 21.0.7+8-LTS-245)
# Java VM: Java HotSpot(TM) 64-Bit Server VM (21.0.7+8-LTS-245, mixed mode, sharing, tiered, compressed oops, compressed class ptrs, g1 gc, windows-amd64)
GC Precious Log:
 CardTable entry size: 512
 Card Set container configuration: InlinePtr #cards 5 size 8 Array Of Cards #cards 12 size 40 Howl #buckets 4 coarsen threshold 1843 Howl Bitmap #cards 512 size 80 coarsen threshold 460 Card regions per heap region 1 cards per card region 2048
 CPUs: 8 total, 8 available
 Memory: 8035M
 Large Page Support: Disabled
 NUMA Support: Disabled
 Compressed Oops: Enabled (32-bit)
 Heap Region Size: 1M
 Heap Min Capacity: 8M
 Heap Initial Capacity: 126M
 Heap Max Capacity: 2010M
 Pre-touch: Disabled
 Parallel Workers: 8
 Concurrent Workers: 2
 Concurrent Refinement Workers: 8
 Periodic GC: Disabled
Heap:
 garbage-first heap   total 61440K, used 31522K [0x0000000082600000, 0x0000000100000000)
  region size 1024K, 7 young (7168K), 3 survivors (3072K)
 Metaspace       used 46346K, committed 46976K, reserved 1114112K
  class space    used 6042K, committed 6336K, reserved 1048576K
GC Heap History (18 events):
Event: 2.313 GC heap before
{Heap before GC invocations=0 (full 0):
 garbage-first heap   total 129024K, used 25600K [0x0000000082600000, 0x0000000100000000)
  region size 1024K, 23 young (23552K), 0 survivors (0K)
 Metaspace       used 5063K, committed 5248K, reserved 1114112K
  class space    used 554K, committed 640K, reserved 1048576K
}
Event: 2.325 GC heap after
{Heap after GC invocations=1 (full 0):
 garbage-first heap   total 129024K, used 9642K [0x0000000082600000, 0x0000000100000000)
  region size 1024K, 3 young (3072K), 3 survivors (3072K)
 Metaspace       used 5063K, committed 5248K, reserved 1114112K
  class space    used 554K, committed 640K, reserved 1048576K
}
Event: 3.818 GC heap before
{Heap before GC invocations=1 (full 0):
 garbage-first heap   total 129024K, used 35242K [0x0000000082600000, 0x0000000100000000)
  region size 1024K, 29 young (29696K), 3 survivors (3072K)
 Metaspace       used 10671K, committed 10944K, reserved 1114112K
  class space    used 1298K, committed 1408K, reserved 1048576K
}
Event: 3.824 GC heap after
{Heap after GC invocations=2 (full 0):
 garbage-first heap   total 129024K, used 11620K [0x0000000082600000, 0x0000000100000000)
  region size 1024K, 3 young (3072K), 3 survivors (3072K)
 Metaspace       used 10671K, committed 10944K, reserved 1114112K
  class space    used 1298K, committed 1408K, reserved 1048576K
}
Event: 5.224 GC heap before
{Heap before GC invocations=2 (full 0):
 garbage-first heap   total 129024K, used 52580K [0x0000000082600000, 0x0000000100000000)
  region size 1024K, 44 young (45056K), 3 survivors (3072K)
 Metaspace       used 19596K, committed 19904K, reserved 1114112K
  class space    used 2408K, committed 2560K, reserved 1048576K
}
Event: 5.232 GC heap after
{Heap after GC invocations=3 (full 0):
 garbage-first heap   total 129024K, used 14943K [0x0000000082600000, 0x0000000100000000)
  region size 1024K, 6 young (6144K), 6 survivors (6144K)
 Metaspace       used 19596K, committed 19904K, reserved 1114112K
  class space    used 2408K, committed 2560K, reserved 1048576K
}
Event: 7.024 GC heap before
{Heap before GC invocations=3 (full 0):
 garbage-first heap   total 129024K, used 33375K [0x0000000082600000, 0x0000000100000000)
  region size 1024K, 25 young (25600K), 6 survivors (6144K)
 Metaspace       used 21203K, committed 21504K, reserved 1114112K
  class space    used 2601K, committed 2752K, reserved 1048576K
}
Event: 7.032 GC heap after
{Heap after GC invocations=4 (full 0):
 garbage-first heap   total 129024K, used 15964K [0x0000000082600000, 0x0000000100000000)
  region size 1024K, 5 young (5120K), 5 survivors (5120K)
 Metaspace       used 21203K, committed 21504K, reserved 1114112K
  class space    used 2601K, committed 2752K, reserved 1048576K
}
Event: 10.964 GC heap before
{Heap before GC invocations=5 (full 0):
 garbage-first heap   total 61440K, used 47708K [0x0000000082600000, 0x0000000100000000)
  region size 1024K, 36 young (36864K), 5 survivors (5120K)
 Metaspace       used 26658K, committed 27072K, reserved 1114112K
  class space    used 3378K, committed 3584K, reserved 1048576K
}
Event: 10.976 GC heap after
{Heap after GC invocations=6 (full 0):
 garbage-first heap   total 61440K, used 19003K [0x0000000082600000, 0x0000000100000000)
  region size 1024K, 5 young (5120K), 5 survivors (5120K)
 Metaspace       used 26658K, committed 27072K, reserved 1114112K
  class space    used 3378K, committed 3584K, reserved 1048576K
}
Event: 13.140 GC heap before
{Heap before GC invocations=6 (full 0):
 garbage-first heap   total 61440K, used 47675K [0x0000000082600000, 0x0000000100000000)
  region size 1024K, 33 young (33792K), 5 survivors (5120K)
 Metaspace       used 32166K, committed 32704K, reserved 1114112K
  class space    used 4126K, committed 4416K, reserved 1048576K
}
Event: 13.150 GC heap after
{Heap after GC invocations=7 (full 0):
 garbage-first heap   total 61440K, used 21420K [0x0000000082600000, 0x0000000100000000)
  region size 1024K, 3 young (3072K), 3 survivors (3072K)
 Metaspace       used 32166K, committed 32704K, reserved 1114112K
  class space    used 4126K, committed 4416K, reserved 1048576K
}
Event: 14.731 GC heap before
{Heap before GC invocations=7 (full 0):
 garbage-first heap   total 61440K, used 43948K [0x0000000082600000, 0x0000000100000000)
  region size 1024K, 26 young (26624K), 3 survivors (3072K)
 Metaspace       used 35425K, committed 35968K, reserved 1114112K
  class space    used 4598K, committed 4864K, reserved 1048576K
}
Event: 14.738 GC heap after
{Heap after GC invocations=8 (full 0):
 garbage-first heap   total 61440K, used 23129K [0x0000000082600000, 0x0000000100000000)
  region size 1024K, 2 young (2048K), 2 survivors (2048K)
 Metaspace       used 35425K, committed 35968K, reserved 1114112K
  class space    used 4598K, committed 4864K, reserved 1048576K
}
Event: 16.735 GC heap before
{Heap before GC invocations=9 (full 0):
 garbage-first heap   total 61440K, used 49753K [0x0000000082600000, 0x0000000100000000)
  region size 1024K, 29 young (29696K), 2 survivors (2048K)
 Metaspace       used 40880K, committed 41408K, reserved 1114112K
  class space    used 5326K, committed 5568K, reserved 1048576K
}
Event: 16.744 GC heap after
{Heap after GC invocations=10 (full 0):
 garbage-first heap   total 61440K, used 26876K [0x0000000082600000, 0x0000000100000000)
  region size 1024K, 4 young (4096K), 4 survivors (4096K)
 Metaspace       used 40880K, committed 41408K, reserved 1114112K
  class space    used 5326K, committed 5568K, reserved 1048576K
}
Event: 78.149 GC heap before
{Heap before GC invocations=10 (full 0):
 garbage-first heap   total 61440K, used 50428K [0x0000000082600000, 0x0000000100000000)
  region size 1024K, 27 young (27648K), 4 survivors (4096K)
 Metaspace       used 46199K, committed 46848K, reserved 1114112K
  class space    used 6042K, committed 6336K, reserved 1048576K
}
Event: 78.164 GC heap after
{Heap after GC invocations=11 (full 0):
 garbage-first heap   total 61440K, used 28450K [0x0000000082600000, 0x0000000100000000)
  region size 1024K, 3 young (3072K), 3 survivors (3072K)
 Metaspace       used 46199K, committed 46848K, reserved 1114112K
  class space    used 6042K, committed 6336K, reserved 1048576K
}

